<?xml version="1.0" encoding="UTF-8"?>
<testng-results skipped="0" failed="0" total="7" passed="7">
  <reporter-output>
  </reporter-output>
  <suite name="Default suite" duration-ms="58995" started-at="2018-11-22T13:06:15Z" finished-at="2018-11-22T13:07:14Z">
    <groups>
    </groups>
    <test name="Default test" duration-ms="58995" started-at="2018-11-22T13:06:15Z" finished-at="2018-11-22T13:07:14Z">
      <class name="testClassPackage.TestClass">
        <test-method status="PASS" signature="setup()[pri:0, instance:testClassPackage.TestClass@1593948d]" name="setup" is-config="true" duration-ms="4726" started-at="2018-11-22T08:06:10Z" finished-at="2018-11-22T08:06:15Z">
          <reporter-output>
          </reporter-output>
        </test-method> <!-- setup -->
        <test-method status="PASS" signature="testStep1()[pri:0, instance:testClassPackage.TestClass@1593948d]" name="testStep1" duration-ms="5058" started-at="2018-11-22T08:06:15Z" finished-at="2018-11-22T08:06:20Z">
          <reporter-output>
          </reporter-output>
        </test-method> <!-- testStep1 -->
        <test-method status="PASS" signature="testStep2()[pri:0, instance:testClassPackage.TestClass@1593948d]" name="testStep2" duration-ms="3134" started-at="2018-11-22T08:06:20Z" finished-at="2018-11-22T08:06:23Z">
          <reporter-output>
          </reporter-output>
        </test-method> <!-- testStep2 -->
        <test-method status="PASS" signature="testStep3()[pri:0, instance:testClassPackage.TestClass@1593948d]" name="testStep3" duration-ms="254" started-at="2018-11-22T08:06:23Z" finished-at="2018-11-22T08:06:23Z">
          <reporter-output>
          </reporter-output>
        </test-method> <!-- testStep3 -->
        <test-method status="PASS" signature="testStep4()[pri:0, instance:testClassPackage.TestClass@1593948d]" name="testStep4" duration-ms="3345" started-at="2018-11-22T08:06:23Z" finished-at="2018-11-22T08:06:27Z">
          <reporter-output>
          </reporter-output>
        </test-method> <!-- testStep4 -->
        <test-method status="PASS" signature="testStep5()[pri:0, instance:testClassPackage.TestClass@1593948d]" name="testStep5" duration-ms="213" started-at="2018-11-22T08:06:27Z" finished-at="2018-11-22T08:06:27Z">
          <reporter-output>
          </reporter-output>
        </test-method> <!-- testStep5 -->
        <test-method status="PASS" signature="testStep6()[pri:0, instance:testClassPackage.TestClass@1593948d]" name="testStep6" duration-ms="46761" started-at="2018-11-22T08:06:27Z" finished-at="2018-11-22T08:07:14Z">
          <reporter-output>
          </reporter-output>
        </test-method> <!-- testStep6 -->
        <test-method status="PASS" signature="testStep7()[pri:0, instance:testClassPackage.TestClass@1593948d]" name="testStep7" duration-ms="193" started-at="2018-11-22T08:07:14Z" finished-at="2018-11-22T08:07:14Z">
          <reporter-output>
          </reporter-output>
        </test-method> <!-- testStep7 -->
        <test-method status="PASS" signature="tearDown()[pri:0, instance:testClassPackage.TestClass@1593948d]" name="tearDown" is-config="true" duration-ms="763" started-at="2018-11-22T08:07:14Z" finished-at="2018-11-22T08:07:15Z">
          <reporter-output>
          </reporter-output>
        </test-method> <!-- tearDown -->
      </class> <!-- testClassPackage.TestClass -->
    </test> <!-- Default test -->
  </suite> <!-- Default suite -->
</testng-results>
